<?xml version="1.0" encoding="UTF-8"?>
<testsuite xmlns:xsi="http://www.w3.org/2001/XMLSchema-instance" xsi:noNamespaceSchemaLocation="https://maven.apache.org/surefire/maven-surefire-plugin/xsd/surefire-test-report.xsd" version="3.0.2" name="org.example.backend.mapper.AccountMapperIntegrationTest" time="1.721" tests="3" errors="0" skipped="0" failures="0" flakes="0">
  <properties>
[...]
</properties>
  <testcase name="invalidForeignKeyRaisesConstraintViolation" classname="org.example.backend.mapper.AccountMapperIntegrationTest" time="0.247">
    <system-out><![CDATA[2026-09-17T06:03:37.817Z  INFO 66764 --- [backend] [           main] t.c.s.AnnotationConfigContextLoaderUtils : Could not detect default configuration classes for test class [org.example.backend.mapper.AccountMapperIntegrationTest]: AccountMapperIntegrationTest does not declare any static, non-private, non-final, nested classes annotated with @Configuration.
2026-09-17T06:03:37.827Z  INFO 66764 --- [backend] [           main] .b.t.c.SpringBootTestContextBootstrapper : Found @SpringBootConfiguration org.example.backend.BackendApplication for test class org.example.backend.mapper.AccountMapperIntegrationTest
2026-09-17T06:03:37.829Z  INFO 66764 --- [backend] [           main] t.c.s.AnnotationConfigContextLoaderUtils : Could not detect default configuration classes for test class [org.example.backend.mapper.AccountMapperIntegrationTest]: AccountMapperIntegrationTest does not declare any static, non-private, non-final, nested classes annotated with @Configuration.
2026-09-17T06:03:37.829Z  INFO 66764 --- [backend] [           main] t.c.s.AnnotationConfigContextLoaderUtils : Could not detect default configuration classes for test class [org.example.backend.support.PostgresIntegrationSupport]: PostgresIntegrationSupport does not declare any static, non-private, non-final, nested classes annotated with @Configuration.
2026-09-17T06:03:37.830Z  INFO 66764 --- [backend] [           main] .b.t.c.SpringBootTestContextBootstrapper : Found @SpringBootConfiguration org.example.backend.BackendApplication for test class org.example.backend.mapper.AccountMapperIntegrationTest
2026-09-17T06:03:37.833Z  INFO 66764 --- [backend] [           main] o.a.k.clients.producer.KafkaProducer     : [Producer clientId=backend-producer-1] Closing the Kafka producer with timeoutMillis = 30000 ms.
2026-09-17T06:03:37.842Z  INFO 66764 --- [backend] [           main] o.apache.kafka.common.metrics.Metrics    : Metrics scheduler closed
2026-09-17T06:03:37.843Z  INFO 66764 --- [backend] [           main] o.apache.kafka.common.metrics.Metrics    : Closing reporter org.apache.kafka.common.metrics.JmxReporter
2026-09-17T06:03:37.843Z  INFO 66764 --- [backend] [           main] o.apache.kafka.common.metrics.Metrics    : Closing reporter org.apache.kafka.common.telemetry.internals.ClientTelemetryReporter
2026-09-17T06:03:37.843Z  INFO 66764 --- [backend] [           main] o.apache.kafka.common.metrics.Metrics    : Metrics reporters closed
2026-09-17T06:03:37.844Z  INFO 66764 --- [backend] [           main] o.a.kafka.common.utils.AppInfoParser     : App info kafka.producer for backend-producer-1 unregistered
2026-09-17T06:03:37.847Z  INFO 66764 --- [backend] [           main] com.zaxxer.hikari.HikariDataSource       : HikariPool-3 - Shutdown initiated...
2026-09-17T06:03:37.863Z  INFO 66764 --- [backend] [           main] com.zaxxer.hikari.HikariDataSource       : HikariPool-3 - Shutdown completed.
2026-09-17T06:03:37.867Z  INFO 66764 --- [backend] [           main] o.s.b.d.r.RestartApplicationListener     : Restart disabled due to context in which it is running

  .   ____          _            __ _ _
 /\\ / ___'_ __ _ _(_)_ __  __ _ \ \ \ \
( ( )\___ | '_ | '_| | '_ \/ _` | \ \ \ \
 \\/  ___)| |_)| | | | | || (_| |  ) ) ) )
  '  |____| .__|_| |_|_| |_\__, | / / / /
 =========|_|==============|___/=/_/_/_/

 :: Spring Boot ::                (v4.1.1)

2026-09-17T06:03:37.923Z  INFO 66764 --- [backend] [           main] o.e.b.m.AccountMapperIntegrationTest     : Starting AccountMapperIntegrationTest using Java 21.0.8 with PID 66764 (started by ec2-user in /home/ec2-user/chennai-capstone-SE3-team3/backend)
2026-09-17T06:03:37.924Z  INFO 66764 --- [backend] [           main] o.e.b.m.AccountMapperIntegrationTest     : No active profile set, falling back to 1 default profile: "default"
2026-09-17T06:03:38.585Z  INFO 66764 --- [backend] [           main] com.zaxxer.hikari.HikariDataSource       : HikariPool-4 - Starting...
2026-09-17T06:03:38.607Z  INFO 66764 --- [backend] [           main] com.zaxxer.hikari.pool.HikariPool        : HikariPool-4 - Added connection org.postgresql.jdbc.PgConnection@efea306
2026-09-17T06:03:38.607Z  INFO 66764 --- [backend] [           main] com.zaxxer.hikari.HikariDataSource       : HikariPool-4 - Start completed.
2026-09-17T06:03:39.151Z  INFO 66764 --- [backend] [           main] o.s.b.a.e.web.EndpointLinksResolver      : Exposing 1 endpoint beneath base path '/actuator'
2026-09-17T06:03:39.190Z  INFO 66764 --- [backend] [           main] o.e.b.m.AccountMapperIntegrationTest     : Started AccountMapperIntegrationTest in 1.323 seconds (process running for 27.599)
]]></system-out>
  </testcase>
  <testcase name="insertAndSelectByIdWorks" classname="org.example.backend.mapper.AccountMapperIntegrationTest" time="0.046"/>
  <testcase name="selectByStatusAndOptimisticLockingWork" classname="org.example.backend.mapper.AccountMapperIntegrationTest" time="0.043"/>
</testsuite>