<?xml version="1.0" encoding="UTF-8"?>
<testsuite xmlns:xsi="http://www.w3.org/2001/XMLSchema-instance" xsi:noNamespaceSchemaLocation="https://maven.apache.org/surefire/maven-surefire-plugin/xsd/surefire-test-report.xsd" version="3.0.2" name="org.example.backend.characterization.sprint6.OrderPlacementPersistenceCharacterizationTest" time="12.795" tests="1" errors="0" skipped="0" failures="0" flakes="0">
  <properties>
[...]
</properties>
  <testcase name="acceptedOrderWritesCurrentOrderCashAndPositionValues" classname="org.example.backend.characterization.sprint6.OrderPlacementPersistenceCharacterizationTest" time="1.158">
    <system-out><![CDATA[06:03:18.974 [main] INFO org.springframework.test.context.support.AnnotationConfigContextLoaderUtils -- Could not detect default configuration classes for test class [org.example.backend.characterization.sprint6.OrderPlacementPersistenceCharacterizationTest]: OrderPlacementPersistenceCharacterizationTest does not declare any static, non-private, non-final, nested classes annotated with @Configuration.
06:03:19.140 [main] INFO org.springframework.boot.test.context.SpringBootTestContextBootstrapper -- Found @SpringBootConfiguration org.example.backend.BackendApplication for test class org.example.backend.characterization.sprint6.OrderPlacementPersistenceCharacterizationTest
06:03:19.198 [main] INFO org.springframework.test.context.support.AnnotationConfigContextLoaderUtils -- Could not detect default configuration classes for test class [org.example.backend.characterization.sprint6.OrderPlacementPersistenceCharacterizationTest]: OrderPlacementPersistenceCharacterizationTest does not declare any static, non-private, non-final, nested classes annotated with @Configuration.
06:03:19.199 [main] INFO org.springframework.test.context.support.AnnotationConfigContextLoaderUtils -- Could not detect default configuration classes for test class [org.example.backend.support.PostgresIntegrationSupport]: PostgresIntegrationSupport does not declare any static, non-private, non-final, nested classes annotated with @Configuration.
06:03:19.201 [main] INFO org.springframework.boot.test.context.SpringBootTestContextBootstrapper -- Found @SpringBootConfiguration org.example.backend.BackendApplication for test class org.example.backend.characterization.sprint6.OrderPlacementPersistenceCharacterizationTest
06:03:19.289 [main] INFO org.testcontainers.images.PullPolicy -- Image pull policy will be performed by: DefaultPullPolicy()
06:03:19.293 [main] INFO org.testcontainers.utility.ImageNameSubstitutor -- Image name substitution will be performed by: DefaultImageNameSubstitutor (composite of 'ConfigurationFileImageNameSubstitutor' and 'PrefixingImageNameSubstitutor')
06:03:19.308 [main] INFO org.testcontainers.DockerClientFactory -- Testcontainers version: 1.20.4
06:03:19.563 [main] INFO org.testcontainers.dockerclient.DockerClientProviderStrategy -- Loaded org.testcontainers.dockerclient.UnixSocketClientProviderStrategy from ~/.testcontainers.properties, will try it first
06:03:20.144 [main] INFO org.testcontainers.dockerclient.DockerClientProviderStrategy -- Found Docker environment with local Unix socket (unix:///var/run/docker.sock)
06:03:20.146 [main] INFO org.testcontainers.DockerClientFactory -- Docker host IP address is localhost
06:03:20.184 [main] INFO org.testcontainers.DockerClientFactory -- Connected to docker: 
  Server Version: 25.0.8
  API Version: 1.44
  Operating System: Amazon Linux 2023.8.20250915
  Total Memory: 3827 MB
06:03:20.238 [main] INFO tc.testcontainers/ryuk:0.11.0 -- Creating container for image: testcontainers/ryuk:0.11.0
06:03:20.247 [main] INFO org.testcontainers.utility.RegistryAuthLocator -- Failure when attempting to lookup auth config. Please ignore if you don't have images in an authenticated registry. Details: (dockerImageName: testcontainers/ryuk:0.11.0, configFile: /home/ec2-user/.docker/config.json, configEnv: DOCKER_AUTH_CONFIG). Falling back to docker-java default behaviour. Exception message: Status 404: No config supplied. Checked in order: /home/ec2-user/.docker/config.json (file not found), DOCKER_AUTH_CONFIG (not set)
06:03:20.493 [main] INFO tc.testcontainers/ryuk:0.11.0 -- Container testcontainers/ryuk:0.11.0 is starting: 0de6d758d1d9f5872d75f2b4e2cab05fe247f18a393c7294f8a83a0cc418880c
06:03:21.190 [main] INFO tc.testcontainers/ryuk:0.11.0 -- Container testcontainers/ryuk:0.11.0 started in PT0.952113115S
06:03:21.200 [main] INFO org.testcontainers.utility.RyukResourceReaper -- Ryuk started - will monitor and terminate Testcontainers containers on JVM exit
06:03:21.200 [main] INFO org.testcontainers.DockerClientFactory -- Checking the system...
06:03:21.201 [main] INFO org.testcontainers.DockerClientFactory -- ✔︎ Docker server version should be at least 1.6.0
06:03:21.202 [main] INFO tc.postgres:16-alpine -- Creating container for image: postgres:16-alpine
06:03:21.260 [main] INFO tc.postgres:16-alpine -- Container postgres:16-alpine is starting: 43bc5b64cf62350a5e44829ad2beb6ec1c33ba7fbc6149d347c21c4033a41ec4
06:03:23.804 [main] INFO tc.postgres:16-alpine -- Container postgres:16-alpine started in PT2.602351964S
06:03:23.805 [main] INFO tc.postgres:16-alpine -- Container is started (JDBC URL: jdbc:postgresql://localhost:32787/trade_test?loggerLevel=OFF)
06:03:23.870 [main] INFO org.springframework.boot.devtools.restart.RestartApplicationListener -- Restart disabled due to context in which it is running

  .   ____          _            __ _ _
 /\\ / ___'_ __ _ _(_)_ __  __ _ \ \ \ \
( ( )\___ | '_ | '_| | '_ \/ _` | \ \ \ \
 \\/  ___)| |_)| | | | | || (_| |  ) ) ) )
  '  |____| .__|_| |_|_| |_\__, | / / / /
 =========|_|==============|___/=/_/_/_/

 :: Spring Boot ::                (v4.1.1)

2026-09-17T06:03:24.359Z  INFO 66764 --- [backend] [           main] PlacementPersistenceCharacterizationTest : Starting OrderPlacementPersistenceCharacterizationTest using Java 21.0.8 with PID 66764 (started by ec2-user in /home/ec2-user/chennai-capstone-SE3-team3/backend)
2026-09-17T06:03:24.361Z  INFO 66764 --- [backend] [           main] PlacementPersistenceCharacterizationTest : No active profile set, falling back to 1 default profile: "default"
2026-09-17T06:03:27.114Z  INFO 66764 --- [backend] [           main] com.zaxxer.hikari.HikariDataSource       : HikariPool-1 - Starting...
2026-09-17T06:03:27.505Z  INFO 66764 --- [backend] [           main] com.zaxxer.hikari.pool.HikariPool        : HikariPool-1 - Added connection org.postgresql.jdbc.PgConnection@389f4282
2026-09-17T06:03:27.507Z  INFO 66764 --- [backend] [           main] com.zaxxer.hikari.HikariDataSource       : HikariPool-1 - Start completed.
2026-09-17T06:03:30.127Z  INFO 66764 --- [backend] [           main] o.s.b.a.e.web.EndpointLinksResolver      : Exposing 1 endpoint beneath base path '/actuator'
2026-09-17T06:03:30.277Z  INFO 66764 --- [backend] [           main] PlacementPersistenceCharacterizationTest : Started OrderPlacementPersistenceCharacterizationTest in 6.421 seconds (process running for 18.686)
2026-09-17T06:03:30.810Z  INFO 66764 --- [backend] [           main] o.a.kafka.common.config.AbstractConfig   : ProducerConfig values: 
	acks = -1
	batch.size = 16384
	bootstrap.servers = [localhost:9092]
	buffer.memory = 33554432
	client.dns.lookup = use_all_dns_ips
	client.id = backend-producer-1
	compression.gzip.level = -1
	compression.lz4.level = 9
	compression.type = none
	compression.zstd.level = 3
	config.providers = []
	connections.max.idle.ms = 540000
	delivery.timeout.ms = 120000
	enable.idempotence = true
	enable.metrics.push = true
	interceptor.classes = []
	key.serializer = class org.apache.kafka.common.serialization.StringSerializer
	linger.ms = 5
	max.block.ms = 60000
	max.in.flight.requests.per.connection = 5
	max.request.size = 1048576
	metadata.max.age.ms = 300000
	metadata.max.idle.ms = 300000
	metadata.recovery.rebootstrap.trigger.ms = 300000
	metadata.recovery.strategy = rebootstrap
	metric.reporters = [org.apache.kafka.common.metrics.JmxReporter]
	metrics.num.samples = 2
	metrics.recording.level = INFO
	metrics.sample.window.ms = 30000
	partitioner.adaptive.partitioning.enable = true
	partitioner.availability.timeout.ms = 0
	partitioner.class = null
	partitioner.ignore.keys = false
	receive.buffer.bytes = 32768
	reconnect.backoff.max.ms = 1000
	reconnect.backoff.ms = 50
	request.timeout.ms = 30000
	retries = 2147483647
	retry.backoff.max.ms = 1000
	retry.backoff.ms = 100
	sasl.client.callback.handler.class = null
	sasl.jaas.config = null
	sasl.kerberos.kinit.cmd = /usr/bin/kinit
	sasl.kerberos.min.time.before.relogin = 60000
	sasl.kerberos.service.name = null
	sasl.kerberos.ticket.renew.jitter = 0.05
	sasl.kerberos.ticket.renew.window.factor = 0.8
	sasl.login.callback.handler.class = null
	sasl.login.class = null
	sasl.login.connect.timeout.ms = null
	sasl.login.read.timeout.ms = null
	sasl.login.refresh.buffer.seconds = 300
	sasl.login.refresh.min.period.seconds = 60
	sasl.login.refresh.window.factor = 0.8
	sasl.login.refresh.window.jitter = 0.05
	sasl.login.retry.backoff.max.ms = 10000
	sasl.login.retry.backoff.ms = 100
	sasl.mechanism = GSSAPI
	sasl.oauthbearer.assertion.algorithm = RS256
	sasl.oauthbearer.assertion.claim.aud = null
	sasl.oauthbearer.assertion.claim.exp.seconds = 300
	sasl.oauthbearer.assertion.claim.iss = null
	sasl.oauthbearer.assertion.claim.jti.include = false
	sasl.oauthbearer.assertion.claim.nbf.seconds = 60
	sasl.oauthbearer.assertion.claim.sub = null
	sasl.oauthbearer.assertion.file = null
	sasl.oauthbearer.assertion.private.key.file = null
	sasl.oauthbearer.assertion.private.key.passphrase = null
	sasl.oauthbearer.assertion.template.file = null
	sasl.oauthbearer.client.credentials.client.id = null
	sasl.oauthbearer.client.credentials.client.secret = null
	sasl.oauthbearer.clock.skew.seconds = 30
	sasl.oauthbearer.expected.audience = []
	sasl.oauthbearer.expected.issuer = null
	sasl.oauthbearer.header.urlencode = false
	sasl.oauthbearer.jwks.endpoint.refresh.ms = 3600000
	sasl.oauthbearer.jwks.endpoint.retry.backoff.max.ms = 10000
	sasl.oauthbearer.jwks.endpoint.retry.backoff.ms = 100
	sasl.oauthbearer.jwks.endpoint.url = null
	sasl.oauthbearer.jwt.retriever.class = class org.apache.kafka.common.security.oauthbearer.DefaultJwtRetriever
	sasl.oauthbearer.jwt.validator.class = class org.apache.kafka.common.security.oauthbearer.DefaultJwtValidator
	sasl.oauthbearer.scope = null
	sasl.oauthbearer.scope.claim.name = scope
	sasl.oauthbearer.sub.claim.name = sub
	sasl.oauthbearer.token.endpoint.url = null
	security.protocol = PLAINTEXT
	security.providers = null
	send.buffer.bytes = 131072
	socket.connection.setup.timeout.max.ms = 30000
	socket.connection.setup.timeout.ms = 10000
	ssl.cipher.suites = []
	ssl.enabled.protocols = [TLSv1.2, TLSv1.3]
	ssl.endpoint.identification.algorithm = https
	ssl.engine.factory.class = null
	ssl.key.password = null
	ssl.keymanager.algorithm = SunX509
	ssl.keystore.certificate.chain = null
	ssl.keystore.key = null
	ssl.keystore.location = null
	ssl.keystore.password = null
	ssl.keystore.type = JKS
	ssl.protocol = TLSv1.3
	ssl.provider = null
	ssl.secure.random.implementation = null
	ssl.trustmanager.algorithm = PKIX
	ssl.truststore.certificates = null
	ssl.truststore.location = null
	ssl.truststore.password = null
	ssl.truststore.type = JKS
	transaction.timeout.ms = 60000
	transaction.two.phase.commit.enable = false
	transactional.id = null
	value.serializer = class org.springframework.kafka.support.serializer.JacksonJsonSerializer

2026-09-17T06:03:30.856Z  INFO 66764 --- [backend] [           main] o.a.k.c.t.i.KafkaMetricsCollector        : initializing Kafka metrics collector
2026-09-17T06:03:30.882Z  INFO 66764 --- [backend] [           main] o.a.k.clients.producer.KafkaProducer     : [Producer clientId=backend-producer-1] Instantiated an idempotent producer.
2026-09-17T06:03:30.963Z  INFO 66764 --- [backend] [           main] o.a.kafka.common.utils.AppInfoParser     : Kafka version: 4.2.1
2026-09-17T06:03:30.963Z  INFO 66764 --- [backend] [           main] o.a.kafka.common.utils.AppInfoParser     : Kafka commitId: 92f61c44867f39dc
2026-09-17T06:03:30.963Z  INFO 66764 --- [backend] [           main] o.a.kafka.common.utils.AppInfoParser     : Kafka startTimeMs: 1789625010960
2026-09-17T06:03:31.573Z  INFO 66764 --- [backend] [kend-producer-1] org.apache.kafka.clients.Metadata        : [Producer clientId=backend-producer-1] Cluster ID: MkQrQXtsTmyQ1mLvSstIngQ
2026-09-17T06:03:31.585Z  INFO 66764 --- [backend] [kend-producer-1] o.a.k.c.p.internals.TransactionManager   : [Producer clientId=backend-producer-1] ProducerId set to 2 with epoch 0
]]></system-out>
  </testcase>
</testsuite>